<?xml version="1.0" encoding="UTF-8"?>
<!-- Generated by org.testng.reporters.JUnitReportReporter -->
<testsuite hostname="inbmwn154389" failures="0" tests="1" name="tests.LoginTest" time="11.714" errors="0" timestamp="2025-09-24T20:49:55 IST" skipped="0">
  <testcase classname="tests.LoginTest" name="navigateToURL" time="11.714"/>
</testsuite> <!-- tests.LoginTest -->
